Replace Part B1 10118194-0001LF in E:\tailieu mudule 4G\rovi tracking\rovi_tracking\EG800K.SchDoc with 10118194-0001LF from SnapEDA_Library.IntLib
Replace Part C1 CL21A226MQQNNNG in E:\tailieu mudule 4G\rovi tracking\rovi_tracking\EG800K.SchDoc with CL21A226MQQNNNG from SnapEDA_Library.IntLib
Replace Part C2 CL21A226MQQNNNG in E:\tailieu mudule 4G\rovi tracking\rovi_tracking\EG800K.SchDoc with CL21A226MQQNNNG from SnapEDA_Library.IntLib
Replace Part C3 CL21A226MQQNNNG in E:\tailieu mudule 4G\rovi tracking\rovi_tracking\EG800K.SchDoc with CL21A226MQQNNNG from SnapEDA_Library.IntLib
Replace Part C4 EEEFN1J100L in E:\tailieu mudule 4G\rovi tracking\rovi_tracking\EG800K.SchDoc with EEEFN1J100L from SnapEDA_Library.IntLib
Replace Part C5 CL21A226MQQNNNG in E:\tailieu mudule 4G\rovi tracking\rovi_tracking\EG800K.SchDoc with CL21A226MQQNNNG from SnapEDA_Library.IntLib
Replace Part C6 CL21A226MQQNNNG in E:\tailieu mudule 4G\rovi tracking\rovi_tracking\EG800K.SchDoc with CL21A226MQQNNNG from SnapEDA_Library.IntLib
Replace Part C7 CL21A226MQQNNNG in E:\tailieu mudule 4G\rovi tracking\rovi_tracking\EG800K.SchDoc with CL21A226MQQNNNG from SnapEDA_Library.IntLib
Replace Part C8 CL21A226MQQNNNG in E:\tailieu mudule 4G\rovi tracking\rovi_tracking\EG800K.SchDoc with CL21A226MQQNNNG from SnapEDA_Library.IntLib
Replace Part C9 CL21A226MQQNNNG in E:\tailieu mudule 4G\rovi tracking\rovi_tracking\EG800K.SchDoc with CL21A226MQQNNNG from SnapEDA_Library.IntLib
Replace Part C10 CL21A226MQQNNNG in E:\tailieu mudule 4G\rovi tracking\rovi_tracking\EG800K.SchDoc with CL21A226MQQNNNG from SnapEDA_Library.IntLib
Replace Part C11 CL21A226MQQNNNG in E:\tailieu mudule 4G\rovi tracking\rovi_tracking\EG800K.SchDoc with CL21A226MQQNNNG from SnapEDA_Library.IntLib
Replace Part C12 TAJD107K016RNJV in E:\tailieu mudule 4G\rovi tracking\rovi_tracking\EG800K.SchDoc with TAJD107K016RNJV from SnapEDA_Library.IntLib
Replace Part C13 CL21A226MQQNNNG in E:\tailieu mudule 4G\rovi tracking\rovi_tracking\EG800K.SchDoc with CL21A226MQQNNNG from SnapEDA_Library.IntLib
Replace Part C14 CL21A226MQQNNNG in E:\tailieu mudule 4G\rovi tracking\rovi_tracking\EG800K.SchDoc with CL21A226MQQNNNG from SnapEDA_Library.IntLib
Replace Part C15 CL21A226MQQNNNG in E:\tailieu mudule 4G\rovi tracking\rovi_tracking\EG800K.SchDoc with CL21A226MQQNNNG from SnapEDA_Library.IntLib
Replace Part C16 CL21A226MQQNNNG in E:\tailieu mudule 4G\rovi tracking\rovi_tracking\EG800K.SchDoc with CL21A226MQQNNNG from SnapEDA_Library.IntLib
Replace Part C17 CL21A226MQQNNNG in E:\tailieu mudule 4G\rovi tracking\rovi_tracking\EG800K.SchDoc with CL21A226MQQNNNG from SnapEDA_Library.IntLib
Replace Part C18 CL21A226MQQNNNG in E:\tailieu mudule 4G\rovi tracking\rovi_tracking\EG800K.SchDoc with CL21A226MQQNNNG from SnapEDA_Library.IntLib
Replace Part C19 CL21A226MQQNNNG in E:\tailieu mudule 4G\rovi tracking\rovi_tracking\EG800K.SchDoc with CL21A226MQQNNNG from SnapEDA_Library.IntLib
Replace Part C20 CL21A226MQQNNNG in E:\tailieu mudule 4G\rovi tracking\rovi_tracking\EG800K.SchDoc with CL21A226MQQNNNG from SnapEDA_Library.IntLib
Replace Part C21 CL21A226MQQNNNG in E:\tailieu mudule 4G\rovi tracking\rovi_tracking\EG800K.SchDoc with CL21A226MQQNNNG from SnapEDA_Library.IntLib
Replace Part C22 CL21A226MQQNNNG in E:\tailieu mudule 4G\rovi tracking\rovi_tracking\EG800K.SchDoc with CL21A226MQQNNNG from SnapEDA_Library.IntLib
Replace Part D1 1N4007FLTR in E:\tailieu mudule 4G\rovi tracking\rovi_tracking\EG800K.SchDoc with 1N4007FLTR from SnapEDA_Library.IntLib
Replace Part D2 SMBJ30A in E:\tailieu mudule 4G\rovi tracking\rovi_tracking\EG800K.SchDoc with SMBJ30A from SnapEDA_Library.IntLib
Replace Part D4 SS34 in E:\tailieu mudule 4G\rovi tracking\rovi_tracking\EG800K.SchDoc with SS34 from SnapEDA_Library.IntLib
Replace Part D5 597-3305-607F in E:\tailieu mudule 4G\rovi tracking\rovi_tracking\EG800K.SchDoc with 597-3305-607F from SnapEDA_Library.IntLib
Replace Part D6 597-3305-607F in E:\tailieu mudule 4G\rovi tracking\rovi_tracking\EG800K.SchDoc with 597-3305-607F from SnapEDA_Library.IntLib
Replace Part D10 PESD0402-240 in E:\tailieu mudule 4G\rovi tracking\rovi_tracking\EG800K.SchDoc with PESD0402-240 from PESD0402-240.IntLib
Replace Part J1 NSIM-2-C in E:\tailieu mudule 4G\rovi tracking\rovi_tracking\EG800K.SchDoc with NSIM-2-C from SnapEDA_Library.IntLib
Replace Part J2 10118194-0001LF in E:\tailieu mudule 4G\rovi tracking\rovi_tracking\EG800K.SchDoc with 10118194-0001LF from SnapEDA_Library.IntLib
Replace Part J3 CONMHF4-SMD-G-T in E:\tailieu mudule 4G\rovi tracking\rovi_tracking\EG800K.SchDoc with CONMHF4-SMD-G-T from SnapEDA_Library.IntLib
Replace Part J4 CONMHF4-SMD-G-T in E:\tailieu mudule 4G\rovi tracking\rovi_tracking\EG800K.SchDoc with CONMHF4-SMD-G-T from SnapEDA_Library.IntLib
Replace Part L1 LQH66SN100M03L in E:\tailieu mudule 4G\rovi tracking\rovi_tracking\EG800K.SchDoc with LQH66SN100M03L from SnapEDA_Library.IntLib
Replace Part L2 LQG18HH47NJ00D in E:\tailieu mudule 4G\rovi tracking\rovi_tracking\EG800K.SchDoc with LQG18HH47NJ00D from SnapEDA_Library.IntLib
Replace Part P1 Header 6 in E:\tailieu mudule 4G\rovi tracking\rovi_tracking\EG800K.SchDoc with Header 6 from Miscellaneous Connectors.IntLib
Replace Part P2 Header 4 in E:\tailieu mudule 4G\rovi tracking\rovi_tracking\EG800K.SchDoc with Header 4 from Miscellaneous Connectors.IntLib
Replace Part P3 Header 4 in E:\tailieu mudule 4G\rovi tracking\rovi_tracking\EG800K.SchDoc with Header 4 from Miscellaneous Connectors.IntLib
Replace Part Q1 MMBT3904_RFG in E:\tailieu mudule 4G\rovi tracking\rovi_tracking\EG800K.SchDoc with MMBT3904_RFG from SnapEDA_Library.IntLib
Replace Part Q2 MMBT3904_RFG in E:\tailieu mudule 4G\rovi tracking\rovi_tracking\EG800K.SchDoc with MMBT3904_RFG from SnapEDA_Library.IntLib
Replace Part Q3 MMBT3904_RFG in E:\tailieu mudule 4G\rovi tracking\rovi_tracking\EG800K.SchDoc with MMBT3904_RFG from SnapEDA_Library.IntLib
Replace Part Q4 MMBT3904_RFG in E:\tailieu mudule 4G\rovi tracking\rovi_tracking\EG800K.SchDoc with MMBT3904_RFG from SnapEDA_Library.IntLib
Replace Part R1 MCR10EZHJ103 in E:\tailieu mudule 4G\rovi tracking\rovi_tracking\EG800K.SchDoc with MCR10EZHJ103 from SnapEDA_Library.IntLib
Replace Part R2 MCR10EZHJ103 in E:\tailieu mudule 4G\rovi tracking\rovi_tracking\EG800K.SchDoc with MCR10EZHJ103 from SnapEDA_Library.IntLib
Replace Part R3 MCR10EZHJ103 in E:\tailieu mudule 4G\rovi tracking\rovi_tracking\EG800K.SchDoc with MCR10EZHJ103 from SnapEDA_Library.IntLib
Replace Part R4 MCR10EZHJ103 in E:\tailieu mudule 4G\rovi tracking\rovi_tracking\EG800K.SchDoc with MCR10EZHJ103 from SnapEDA_Library.IntLib
Replace Part R5 MCR10EZHJ103 in E:\tailieu mudule 4G\rovi tracking\rovi_tracking\EG800K.SchDoc with MCR10EZHJ103 from SnapEDA_Library.IntLib
Replace Part R6 MCR10EZHJ103 in E:\tailieu mudule 4G\rovi tracking\rovi_tracking\EG800K.SchDoc with MCR10EZHJ103 from SnapEDA_Library.IntLib
Replace Part R7 MCR10EZHJ103 in E:\tailieu mudule 4G\rovi tracking\rovi_tracking\EG800K.SchDoc with MCR10EZHJ103 from SnapEDA_Library.IntLib
Replace Part R8 MCR10EZHJ103 in E:\tailieu mudule 4G\rovi tracking\rovi_tracking\EG800K.SchDoc with MCR10EZHJ103 from SnapEDA_Library.IntLib
Replace Part R9 MCR10EZHJ103 in E:\tailieu mudule 4G\rovi tracking\rovi_tracking\EG800K.SchDoc with MCR10EZHJ103 from SnapEDA_Library.IntLib
Replace Part R10 MCR10EZHJ103 in E:\tailieu mudule 4G\rovi tracking\rovi_tracking\EG800K.SchDoc with MCR10EZHJ103 from SnapEDA_Library.IntLib
Replace Part R11 MCR10EZHJ103 in E:\tailieu mudule 4G\rovi tracking\rovi_tracking\EG800K.SchDoc with MCR10EZHJ103 from SnapEDA_Library.IntLib
Replace Part R12 MCR10EZHJ103 in E:\tailieu mudule 4G\rovi tracking\rovi_tracking\EG800K.SchDoc with MCR10EZHJ103 from SnapEDA_Library.IntLib
Replace Part R13 MCR10EZHJ103 in E:\tailieu mudule 4G\rovi tracking\rovi_tracking\EG800K.SchDoc with MCR10EZHJ103 from SnapEDA_Library.IntLib
Replace Part R14 MCR10EZHJ103 in E:\tailieu mudule 4G\rovi tracking\rovi_tracking\EG800K.SchDoc with MCR10EZHJ103 from SnapEDA_Library.IntLib
Replace Part R15 MCR10EZHJ103 in E:\tailieu mudule 4G\rovi tracking\rovi_tracking\EG800K.SchDoc with MCR10EZHJ103 from SnapEDA_Library.IntLib
Replace Part R16 MCR10EZHJ103 in E:\tailieu mudule 4G\rovi tracking\rovi_tracking\EG800K.SchDoc with MCR10EZHJ103 from SnapEDA_Library.IntLib
Replace Part R17 MCR10EZHJ103 in E:\tailieu mudule 4G\rovi tracking\rovi_tracking\EG800K.SchDoc with MCR10EZHJ103 from SnapEDA_Library.IntLib
Replace Part R18 MCR10EZHJ103 in E:\tailieu mudule 4G\rovi tracking\rovi_tracking\EG800K.SchDoc with MCR10EZHJ103 from SnapEDA_Library.IntLib
Replace Part R19 MCR10EZHJ103 in E:\tailieu mudule 4G\rovi tracking\rovi_tracking\EG800K.SchDoc with MCR10EZHJ103 from SnapEDA_Library.IntLib
Replace Part R20 MCR10EZHJ103 in E:\tailieu mudule 4G\rovi tracking\rovi_tracking\EG800K.SchDoc with MCR10EZHJ103 from SnapEDA_Library.IntLib
Replace Part R21 MCR10EZHJ103 in E:\tailieu mudule 4G\rovi tracking\rovi_tracking\EG800K.SchDoc with MCR10EZHJ103 from SnapEDA_Library.IntLib
Replace Part R22 MCR10EZHJ103 in E:\tailieu mudule 4G\rovi tracking\rovi_tracking\EG800K.SchDoc with MCR10EZHJ103 from SnapEDA_Library.IntLib
Replace Part R23 MCR10EZHJ103 in E:\tailieu mudule 4G\rovi tracking\rovi_tracking\EG800K.SchDoc with MCR10EZHJ103 from SnapEDA_Library.IntLib
Replace Part U1 MP2560DN-LF-P in E:\tailieu mudule 4G\rovi tracking\rovi_tracking\EG800K.SchDoc with MP2560DN-LF-P from MP2560DN-LF-P.IntLib
Replace Part U2 EG800KEULC-I03-SNNSA in E:\tailieu mudule 4G\rovi tracking\rovi_tracking\EG800K.SchDoc with EG800KEULC-I03-SNNSA from EG800KEULC-I03-SNNSA.IntLib
Replace Part U2 EG800KEULC-I03-SNNSA in E:\tailieu mudule 4G\rovi tracking\rovi_tracking\EG800K.SchDoc with EG800KEULC-I03-SNNSA from EG800KEULC-I03-SNNSA.IntLib
Replace Part U3 SMF05CT1G in E:\tailieu mudule 4G\rovi tracking\rovi_tracking\EG800K.SchDoc with SMF05CT1G from SnapEDA_Library.IntLib
