Removed Pin From Net: NetName=VBAT Pin=C2-2
Removed Pin From Net: NetName=VBAT Pin=C3-2
Removed Pin From Net: NetName=VBAT Pin=C6-2
Removed Pin From Net: NetName=VBAT Pin=C7-2
Removed Pin From Net: NetName=VBAT Pin=C8-2
Removed Pin From Net: NetName=VBAT Pin=C9-2
Removed Pin From Net: NetName=VBAT Pin=C10-2
Removed Pin From Net: NetName=VBAT Pin=C11-2
Removed Pin From Net: NetName=VBAT Pin=C12-1
Removed Pin From Net: NetName=VBAT Pin=C13-2
Removed Pin From Net: NetName=VBAT Pin=D3-C
Removed Pin From Net: NetName=VBAT Pin=D5-A
Removed Pin From Net: NetName=VBAT Pin=D6-A
Removed Pin From Net: NetName=VBAT Pin=L1-2
Removed Pin From Net: NetName=VBAT Pin=R3-2
Removed Pin From Net: NetName=VBAT Pin=R4-2
Removed Pin From Net: NetName=VBAT Pin=R5-2
Removed Pin From Net: NetName=VBAT Pin=R6-2
Removed Pin From Net: NetName=VBAT Pin=R7-2
Removed Pin From Net: NetName=VBAT Pin=U2-42
Removed Pin From Net: NetName=VBAT Pin=U2-43
Added Pin To Net: NetName=VBAT Pin=C19-2
Change Net Name : Old Net Name=VBAT New Net Name=GND
Added Pin To Net: NetName=VBAT Pin=C2-2
Added Pin To Net: NetName=VBAT Pin=C3-2
Added Pin To Net: NetName=VBAT Pin=C6-2
Added Pin To Net: NetName=VBAT Pin=C7-2
Added Pin To Net: NetName=VBAT Pin=C8-2
Added Pin To Net: NetName=VBAT Pin=C9-2
Added Pin To Net: NetName=VBAT Pin=C10-2
Added Pin To Net: NetName=VBAT Pin=C11-2
Added Pin To Net: NetName=VBAT Pin=C12-1
Added Pin To Net: NetName=VBAT Pin=C13-2
Added Pin To Net: NetName=VBAT Pin=C19-1
Added Pin To Net: NetName=VBAT Pin=D3-C
Added Pin To Net: NetName=VBAT Pin=D5-A
Added Pin To Net: NetName=VBAT Pin=D6-A
Added Pin To Net: NetName=VBAT Pin=L1-2
Added Pin To Net: NetName=VBAT Pin=R3-2
Added Pin To Net: NetName=VBAT Pin=R4-2
Added Pin To Net: NetName=VBAT Pin=R5-2
Added Pin To Net: NetName=VBAT Pin=R6-2
Added Pin To Net: NetName=VBAT Pin=R7-2
Added Pin To Net: NetName=VBAT Pin=R21-2
Added Pin To Net: NetName=VBAT Pin=U2-42
Added Pin To Net: NetName=VBAT Pin=U2-43
Added Net: Name=VBAT
